<?xml version="1.0" encoding="UTF-8"?>
<testng-results skipped="0" failed="0" ignored="0" total="4" passed="4">
  <reporter-output>
  </reporter-output>
  <suite name="Command line suite" duration-ms="6281394" started-at="2018-08-22T06:34:39Z" finished-at="2018-08-22T08:19:21Z">
    <groups>
    </groups>
    <test name="Command line test" duration-ms="6281394" started-at="2018-08-22T06:34:39Z" finished-at="2018-08-22T08:19:21Z">
      <class name="ServiceNow.MassUpload.snowMassUploadFullAutomation">
        <test-method status="PASS" signature="ReadConfiguration()[pri:1, instance:ServiceNow.MassUpload.snowMassUploadFullAutomation@16c0663d]" name="ReadConfiguration" duration-ms="1816" started-at="2018-08-22T14:34:39Z" finished-at="2018-08-22T14:34:41Z">
          <reporter-output>
          </reporter-output>
        </test-method> <!-- ReadConfiguration -->
        <test-method status="PASS" signature="setUp()[pri:2, instance:ServiceNow.MassUpload.snowMassUploadFullAutomation@16c0663d]" name="setUp" duration-ms="8358" started-at="2018-08-22T14:34:41Z" depends-on-methods="ServiceNow.MassUpload.snowMassUploadFullAutomation.ReadConfiguration" finished-at="2018-08-22T14:34:50Z">
          <reporter-output>
          </reporter-output>
        </test-method> <!-- setUp -->
        <test-method status="PASS" signature="InvoicingDataInsertion()[pri:3, instance:ServiceNow.MassUpload.snowMassUploadFullAutomation@16c0663d]" name="InvoicingDataInsertion" duration-ms="6269849" started-at="2018-08-22T14:34:50Z" depends-on-methods="ServiceNow.MassUpload.snowMassUploadFullAutomation.setUp" finished-at="2018-08-22T16:19:19Z">
          <reporter-output>
          </reporter-output>
        </test-method> <!-- InvoicingDataInsertion -->
        <test-method status="PASS" signature="tearDown()[pri:4, instance:ServiceNow.MassUpload.snowMassUploadFullAutomation@16c0663d]" name="tearDown" duration-ms="1315" started-at="2018-08-22T16:19:19Z" finished-at="2018-08-22T16:19:21Z">
          <reporter-output>
          </reporter-output>
        </test-method> <!-- tearDown -->
      </class> <!-- ServiceNow.MassUpload.snowMassUploadFullAutomation -->
    </test> <!-- Command line test -->
  </suite> <!-- Command line suite -->
</testng-results>
